#
# A fatal error has been detected by the Java Runtime Environment:
#
#  SIGSEGV (0xb) at pc=0x00000001044f6270, pid=32893, tid=0x0000000000000103
#
# JRE version: OpenJDK Runtime Environment (Zulu 8.72.0.17-CA-macos-aarch64) (8.0_382-b05) (build 1.8.0_382-b05)
# Java VM: OpenJDK 64-Bit Server VM (25.382-b05 mixed mode bsd-aarch64 compressed oops)
# Problematic frame:
# C  [python3.11+0x1e2270]  visit_decref+0xc
#
# Failed to write core dump. Core dumps have been disabled. To enable core dumping, try "ulimit -c unlimited" before starting Java again
#
# If you would like to submit a bug report, please visit:
#   http://www.azul.com/support/
# The crash happened outside the Java Virtual Machine in native code.
# See problematic frame for where to report the bug.
#

---------------  T H R E A D  ---------------

Current thread (0x0000000122a48000):  JavaThread "main" [_thread_in_native, id=259, stack(0x0000000169aec000,0x000000016baec000)]

siginfo: si_signo: 11 (SIGSEGV), si_code: 2 (SEGV_ACCERR), si_addr: 0x0000000169aec038

Registers:
 x0=0x0000000169aec030  x1=0x0000000169ad9ec0  x2=0x0000000169ad9ec0  x3=0x0000000000000000
 x4=0x0000000000000000  x5=0x000000016bae3990  x6=0x006230307473675f  x7=0x00000002a4184ed2
 x8=0x0000000000000000  x9=0x0000000000000055 x10=0x0000000000000001 x11=0x00000001047e51f0
x12=0x0000000000000000 x13=0x00000002a4d0bd50 x14=0x00000002a4d0bd50 x15=0x00000001047e51d0
x16=0x00000001043cdc38 x17=0x00000002a4d56cf0 x18=0x0000000000000000 x19=0x0000000169ad9ec0
x20=0x00000001044f6264 x21=0x0000000170073188 x22=0x00000000000005d9 x23=0x00000002a4d5c990
x24=0x00000001047e51e8 x25=0x00000001044f6264 x26=0x000000016bae3b30 x27=0x00000001047e4f30
x28=0x00000002a4d53540  fp=0x000000016bae3810  lr=0x00000001043b5a84  sp=0x000000016bae3800
pc=0x00000001044f6270 cpsr=0x0000000020001000
Top of Stack: (sp=0x000000016bae3800)
0x000000016bae3800:   00000001044f6264 0000000169ad9ec0
0x000000016bae3810:   000000016bae3850 00000001043b5a84
0x000000016bae3820:   00000001047e51e8 00000002a4d5c990
0x000000016bae3830:   00000001047e5200 00000001047ff2b0
0x000000016bae3840:   0000000000000001 0000000169ad9eb0
0x000000016bae3850:   000000016bae39a0 00000001044f51a8
0x000000016bae3860:   0000000000000000 0000000000000000
0x000000016bae3870:   0000000032aaaba2 0000000000000000
0x000000016bae3880:   0000000000000000 0000000000000000
0x000000016bae3890:   0000000000000001 000000016bae39c0
0x000000016bae38a0:   000000016bae39b8 0000000000000001
0x000000016bae38b0:   0000000000000000 0000000000000000
0x000000016bae38c0:   0000000000000003 0000000000000000
0x000000016bae38d0:   0000000000000000 0000000000000000
0x000000016bae38e0:   0000000000000000 0000000000000000
0x000000016bae38f0:   0000000106da3648 00000002a4d60430
0x000000016bae3900:   000000016bae3930 00000001043cfaa4
0x000000016bae3910:   0000000000000018 0000000000000003
0x000000016bae3920:   000000016bae3998 00000002a4d60430
0x000000016bae3930:   000000016bae3980 e020000106bcea20
0x000000016bae3940:   17de787bab62005d 17de787bab62005d
0x000000016bae3950:   00000002a4d53540 00000002a4d53600
0x000000016bae3960:   000000016bae3b30 00000002a41d0818
0x000000016bae3970:   0000000000000003 00000002a4d5c990
0x000000016bae3980:   0000000000000010 0000000000000001
0x000000016bae3990:   00000001047ff2b0 00000001047e4f30
0x000000016bae39a0:   000000016bae39f0 00000001044f6798
0x000000016bae39b0:   000000016bae3b30 000000016bae39c0
0x000000016bae39c0:   0000000000000002 17de787bab62005d
0x000000016bae39d0:   0000000000000010 0000000000000002
0x000000016bae39e0:   0000000104754c18 00000002a4d56d40
0x000000016bae39f0:   000000016bae3a30 00000001044f69f0 

Instructions: (pc=0x00000001044f6270)
0x00000001044f6250:   a95067fa a94f6ffc 910543ff d65f03c0
0x00000001044f6260:   94038078 a9be4ff4 a9017bfd 910043fd
0x00000001044f6270:   f9400408 3942a509 36300169 aa0003f3
0x00000001044f6280:   f940a508 b4000088 aa1303e0 d63f0100 

Register to memory mapping:

 x0=0x0000000169aec030 is pointing into the stack for thread: 0x0000000122a48000
 x1=0x0000000169ad9ec0 is an unknown value
 x2=0x0000000169ad9ec0 is an unknown value
 x3=0x0000000000000000 is an unknown value
 x4=0x0000000000000000 is an unknown value
 x5=0x000000016bae3990 is pointing into the stack for thread: 0x0000000122a48000
 x6=0x006230307473675f is an unknown value
 x7=0x00000002a4184ed2: <offset 0x30ed2> in /Users/charlesc/anaconda3/envs/erp_tools_env/lib/python3.11/site-packages/erfa/ufunc.cpython-311-darwin.so at 0x00000002a4154000
 x8=0x0000000000000000 is an unknown value
 x9=0x0000000000000055 is an unknown value
x10=0x0000000000000001 is an unknown value
x11=0x00000001047e51f0: _PyRuntime+0xe930 in /Users/charlesc/anaconda3/envs/erp_tools_env/bin/python3.11 at 0x0000000104314000
x12=0x0000000000000000 is an unknown value
x13=0x00000002a4d0bd50 is an unknown value
x14=0x00000002a4d0bd50 is an unknown value
x15=0x00000001047e51d0: _PyRuntime+0xe910 in /Users/charlesc/anaconda3/envs/erp_tools_env/bin/python3.11 at 0x0000000104314000
x16=0x00000001043cdc38: PyModule_GetState+0 in /Users/charlesc/anaconda3/envs/erp_tools_env/bin/python3.11 at 0x0000000104314000
x17=0x00000002a4d56cf0 is an unknown value
x18=0x0000000000000000 is an unknown value
x19=0x0000000169ad9ec0 is an unknown value
x20=0x00000001044f6264: visit_decref+0 in /Users/charlesc/anaconda3/envs/erp_tools_env/bin/python3.11 at 0x0000000104314000
x21=0x0000000170073188 is an unknown value
x22=0x00000000000005d9 is an unknown value
x23=0x00000002a4d5c990 is an unknown value
x24=0x00000001047e51e8: _PyRuntime+0xe928 in /Users/charlesc/anaconda3/envs/erp_tools_env/bin/python3.11 at 0x0000000104314000
x25=0x00000001044f6264: visit_decref+0 in /Users/charlesc/anaconda3/envs/erp_tools_env/bin/python3.11 at 0x0000000104314000
x26=0x000000016bae3b30 is pointing into the stack for thread: 0x0000000122a48000
x27=0x00000001047e4f30: _PyRuntime+0xe670 in /Users/charlesc/anaconda3/envs/erp_tools_env/bin/python3.11 at 0x0000000104314000
x28=0x00000002a4d53540 is an unknown value


Stack: [0x0000000169aec000,0x000000016baec000],  sp=0x000000016bae3800,  free space=32734k
Native frames: (J=compiled Java code, j=interpreted, Vv=VM code, C=native code)
C  [python3.11+0x1e2270]  visit_decref+0xc
C  [python3.11+0xa1a84]  dict_traverse+0xac
C  [python3.11+0x1e11a8]  gc_collect_main+0x2dc
C  [python3.11+0x1e2798]  _PyObject_GC_Link+0xe4
C  [python3.11+0x1e29f0]  _PyObject_GC_NewVar+0x84
C  [python3.11+0xd1e4c]  PyTuple_Pack+0x168
C  [_multiarray_umath.cpython-311-darwin.so+0x1abe94]  add_and_return_legacy_wrapping_ufunc_loop+0x88
C  [_multiarray_umath.cpython-311-darwin.so+0x1b0f40]  PyUFunc_FromFuncAndDataAndSignatureAndIdentity+0x95c
C  [_multiarray_umath.cpython-311-darwin.so+0x1b05d8]  PyUFunc_FromFuncAndDataAndSignature+0x20
C  [ufunc.cpython-311-darwin.so+0xa76c]  PyInit_ufunc+0x5b58
C  [python3.11+0x198c20]  _imp_create_dynamic+0x4a4
C  [python3.11+0xb7770]  cfunction_vectorcall_FASTCALL+0xf8
C  [python3.11+0x161ddc]  _PyEval_EvalFrameDefault+0xd72c
C  [python3.11+0x164078]  _PyEval_Vector+0xb8
C  [python3.11+0x61b2c]  object_vacall+0x110
C  [python3.11+0x61954]  PyObject_CallMethodObjArgs+0x6c
C  [python3.11+0x193e08]  PyImport_ImportModuleLevelObject+0x6b4
C  [python3.11+0x14dce8]  builtin___import__+0x11c
C  [python3.11+0xb761c]  cfunction_vectorcall_FASTCALL_KEYWORDS+0xa8
C  [python3.11+0x161ddc]  _PyEval_EvalFrameDefault+0xd72c
C  [python3.11+0x164078]  _PyEval_Vector+0xb8
C  [python3.11+0x61b2c]  object_vacall+0x110
C  [python3.11+0x61954]  PyObject_CallMethodObjArgs+0x6c
C  [python3.11+0x193e8c]  PyImport_ImportModuleLevelObject+0x738
C  [python3.11+0x15c424]  _PyEval_EvalFrameDefault+0x7d74
C  [python3.11+0x15372c]  PyEval_EvalCode+0xdc
C  [python3.11+0x14f4d8]  builtin_exec+0x484
C  [python3.11+0xb761c]  cfunction_vectorcall_FASTCALL_KEYWORDS+0xa8
C  [python3.11+0x161ddc]  _PyEval_EvalFrameDefault+0xd72c
C  [python3.11+0x164078]  _PyEval_Vector+0xb8
C  [python3.11+0x61b2c]  object_vacall+0x110
C  [python3.11+0x61954]  PyObject_CallMethodObjArgs+0x6c
C  [python3.11+0x193e08]  PyImport_ImportModuleLevelObject+0x6b4
C  [python3.11+0x15c424]  _PyEval_EvalFrameDefault+0x7d74
C  [python3.11+0x15372c]  PyEval_EvalCode+0xdc
C  [python3.11+0x14f4d8]  builtin_exec+0x484
C  [python3.11+0xb761c]  cfunction_vectorcall_FASTCALL_KEYWORDS+0xa8
C  [python3.11+0x161ddc]  _PyEval_EvalFrameDefault+0xd72c
C  [python3.11+0x164078]  _PyEval_Vector+0xb8
C  [python3.11+0x61b2c]  object_vacall+0x110
C  [python3.11+0x61954]  PyObject_CallMethodObjArgs+0x6c
C  [python3.11+0x193e08]  PyImport_ImportModuleLevelObject+0x6b4
C  [python3.11+0x15c424]  _PyEval_EvalFrameDefault+0x7d74
C  [python3.11+0x15372c]  PyEval_EvalCode+0xdc
C  [python3.11+0x14f4d8]  builtin_exec+0x484
C  [python3.11+0xb761c]  cfunction_vectorcall_FASTCALL_KEYWORDS+0xa8
C  [python3.11+0x161ddc]  _PyEval_EvalFrameDefault+0xd72c
C  [python3.11+0x164078]  _PyEval_Vector+0xb8
C  [python3.11+0x61b2c]  object_vacall+0x110
C  [python3.11+0x61954]  PyObject_CallMethodObjArgs+0x6c
C  [python3.11+0x193e08]  PyImport_ImportModuleLevelObject+0x6b4
C  [python3.11+0x15c424]  _PyEval_EvalFrameDefault+0x7d74
C  [python3.11+0x15372c]  PyEval_EvalCode+0xdc
C  [python3.11+0x14f4d8]  builtin_exec+0x484
C  [python3.11+0xb761c]  cfunction_vectorcall_FASTCALL_KEYWORDS+0xa8
C  [python3.11+0x161ddc]  _PyEval_EvalFrameDefault+0xd72c
C  [python3.11+0x164078]  _PyEval_Vector+0xb8
C  [python3.11+0x61b2c]  object_vacall+0x110
C  [python3.11+0x61954]  PyObject_CallMethodObjArgs+0x6c
C  [python3.11+0x193e08]  PyImport_ImportModuleLevelObject+0x6b4
C  [python3.11+0x15c424]  _PyEval_EvalFrameDefault+0x7d74
C  [python3.11+0x15372c]  PyEval_EvalCode+0xdc
C  [python3.11+0x14f4d8]  builtin_exec+0x484
C  [python3.11+0xb761c]  cfunction_vectorcall_FASTCALL_KEYWORDS+0xa8
C  [python3.11+0x161ddc]  _PyEval_EvalFrameDefault+0xd72c
C  [python3.11+0x164078]  _PyEval_Vector+0xb8
C  [python3.11+0x61b2c]  object_vacall+0x110
C  [python3.11+0x61954]  PyObject_CallMethodObjArgs+0x6c
C  [python3.11+0x193e08]  PyImport_ImportModuleLevelObject+0x6b4
C  [python3.11+0x15c424]  _PyEval_EvalFrameDefault+0x7d74
C  [python3.11+0x15372c]  PyEval_EvalCode+0xdc
C  [python3.11+0x14f4d8]  builtin_exec+0x484
C  [python3.11+0xb761c]  cfunction_vectorcall_FASTCALL_KEYWORDS+0xa8
C  [python3.11+0x161ddc]  _PyEval_EvalFrameDefault+0xd72c
C  [python3.11+0x164078]  _PyEval_Vector+0xb8
C  [python3.11+0x61b2c]  object_vacall+0x110
C  [python3.11+0x61954]  PyObject_CallMethodObjArgs+0x6c
C  [python3.11+0x193e08]  PyImport_ImportModuleLevelObject+0x6b4
C  [python3.11+0x15c424]  _PyEval_EvalFrameDefault+0x7d74
C  [python3.11+0x15372c]  PyEval_EvalCode+0xdc
C  [python3.11+0x14f4d8]  builtin_exec+0x484
C  [python3.11+0xb761c]  cfunction_vectorcall_FASTCALL_KEYWORDS+0xa8
C  [python3.11+0x161ddc]  _PyEval_EvalFrameDefault+0xd72c
C  [python3.11+0x164078]  _PyEval_Vector+0xb8
C  [python3.11+0x61b2c]  object_vacall+0x110
C  [python3.11+0x61954]  PyObject_CallMethodObjArgs+0x6c
C  [python3.11+0x193e08]  PyImport_ImportModuleLevelObject+0x6b4
C  [python3.11+0x15c424]  _PyEval_EvalFrameDefault+0x7d74
C  [python3.11+0x15372c]  PyEval_EvalCode+0xdc
C  [python3.11+0x14f4d8]  builtin_exec+0x484
C  [python3.11+0xb761c]  cfunction_vectorcall_FASTCALL_KEYWORDS+0xa8
C  [python3.11+0x161ddc]  _PyEval_EvalFrameDefault+0xd72c
C  [python3.11+0x164078]  _PyEval_Vector+0xb8
C  [python3.11+0x61b2c]  object_vacall+0x110
C  [python3.11+0x61954]  PyObject_CallMethodObjArgs+0x6c
C  [python3.11+0x193e08]  PyImport_ImportModuleLevelObject+0x6b4
C  [python3.11+0x15c424]  _PyEval_EvalFrameDefault+0x7d74
C  [python3.11+0x15372c]  PyEval_EvalCode+0xdc
C  [python3.11+0x14f4d8]  builtin_exec+0x484
C  [python3.11+0xb761c]  cfunction_vectorcall_FASTCALL_KEYWORDS+0xa8
...<more frames>...


---------------  P R O C E S S  ---------------

Java Threads: ( => current thread )
  0x0000000111349000 JavaThread "Service Thread" daemon [_thread_blocked, id=23299, stack(0x00000002a3d40000,0x00000002a3f43000)]
  0x00000001060fe800 JavaThread "C1 CompilerThread3" daemon [_thread_blocked, id=32003, stack(0x00000002a3b34000,0x00000002a3d37000)]
  0x0000000111348000 JavaThread "C2 CompilerThread2" daemon [_thread_blocked, id=22787, stack(0x00000002a3928000,0x00000002a3b2b000)]
  0x0000000122a84800 JavaThread "C2 CompilerThread1" daemon [_thread_blocked, id=22275, stack(0x00000002a371c000,0x00000002a391f000)]
  0x0000000122a83000 JavaThread "C2 CompilerThread0" daemon [_thread_blocked, id=22019, stack(0x00000002a3510000,0x00000002a3713000)]
  0x0000000122a81000 JavaThread "Signal Dispatcher" daemon [_thread_blocked, id=18947, stack(0x000000029c5dc000,0x000000029c7df000)]
  0x00000001051a8800 JavaThread "Finalizer" daemon [_thread_blocked, id=17155, stack(0x000000029c344000,0x000000029c547000)]
  0x00000001051a5800 JavaThread "Reference Handler" daemon [_thread_blocked, id=16899, stack(0x000000029c138000,0x000000029c33b000)]
=>0x0000000122a48000 JavaThread "main" [_thread_in_native, id=259, stack(0x0000000169aec000,0x000000016baec000)]

Other Threads:
  0x00000001051a0800 VMThread [stack: 0x000000016fd3c000,0x000000016ff3f000] [id=21507]
  0x00000001212be000 WatcherThread [stack: 0x00000002a3f4c000,0x00000002a414f000] [id=31491]

VM state:not at safepoint (normal execution)

VM Mutex/Monitor currently owned by a thread: None

heap address: 0x00000005c0000000, size: 8192 MB, Compressed Oops mode: Zero based, Oop shift amount: 3
Narrow klass base: 0x0000000800000000, Narrow klass shift: 0
Compressed class space size: 1073741824 Address: 0x0000000800000000

Heap:
 PSYoungGen      total 153088K, used 52635K [0x0000000715580000, 0x0000000720000000, 0x00000007c0000000)
  eden space 131584K, 40% used [0x0000000715580000,0x00000007188e6d30,0x000000071d600000)
  from space 21504K, 0% used [0x000000071eb00000,0x000000071eb00000,0x0000000720000000)
  to   space 21504K, 0% used [0x000000071d600000,0x000000071d600000,0x000000071eb00000)
 ParOldGen       total 349696K, used 0K [0x00000005c0000000, 0x00000005d5580000, 0x0000000715580000)
  object space 349696K, 0% used [0x00000005c0000000,0x00000005c0000000,0x00000005d5580000)
 Metaspace       used 15882K, capacity 16679K, committed 16768K, reserved 1062912K
  class space    used 2381K, capacity 2898K, committed 2944K, reserved 1048576K

Card table byte_map: [0x000000016c638000,0x000000016d63c000] byte_map_base: 0x0000000169838000

Marking Bits: (ParMarkBitMap*) 0x000000016a3ba1a8
 Begin Bits: [0x000000028b134000, 0x0000000293134000)
 End Bits:   [0x0000000293134000, 0x000000029b134000)

Polling page: 0x0000000104ba4000

CodeCache: size=131072Kb used=3804Kb max_used=3804Kb free=127267Kb
 bounds [0x0000000283134000, 0x00000002834f4000, 0x000000028b134000]
 total_blobs=1447 nmethods=954 adapters=410
 compilation: enabled

Compilation events (10 events):
Event: 0.461 Thread 0x00000001060fe800  950       1       sun.nio.cs.UTF_8::historicalName (3 bytes)
Event: 0.461 Thread 0x00000001060fe800 nmethod 950 0x00000002834e1ad0 code [0x00000002834e1c40, 0x00000002834e1d10]
Event: 0.469 Thread 0x0000000122a83000  951       4       java.lang.String::concat (47 bytes)
Event: 0.469 Thread 0x0000000122a84800  952       4       sun.misc.URLClassPath::getResource (83 bytes)
Event: 0.470 Thread 0x00000001060fe800  953       1       java.lang.StringCoding$StringEncoder::requestedCharsetName (5 bytes)
Event: 0.470 Thread 0x00000001060fe800 nmethod 953 0x00000002834e1690 code [0x00000002834e17c0, 0x00000002834e1850]
Event: 0.470 Thread 0x00000001060fe800  954       3       java.util.regex.Pattern::sequence (553 bytes)
Event: 0.471 Thread 0x0000000122a84800 nmethod 952 0x00000002834e9b50 code [0x00000002834e9cc0, 0x00000002834e9fe0]
Event: 0.471 Thread 0x0000000122a83000 nmethod 951 0x00000002834e7dd0 code [0x00000002834e7f40, 0x00000002834e83d0]
Event: 0.472 Thread 0x00000001060fe800 nmethod 954 0x00000002834ebe50 code [0x00000002834ec580, 0x00000002834ef470]

GC Heap History (0 events):
No events

Deoptimization events (1 events):
Event: 0.206 Thread 0x0000000122a48000 Uncommon trap: reason=unstable_if action=reinterpret pc=0x000000028333a0d4 method=java.lang.CharacterData.of(I)Ljava/lang/CharacterData; @ 4

Classes redefined (0 events):
No events

Internal exceptions (8 events):
Event: 0.017 Thread 0x0000000122a48000 Exception <a 'java/lang/NoSuchMethodError': Method sun.misc.Unsafe.defineClass(Ljava/lang/String;[BII)Ljava/lang/Class; name or signature does not match> (0x0000000715587ce0) thrown at [/Users/tester/jenkins/blue/workspace/Zulu/zulu-platform-build/zulu-sr
Event: 0.017 Thread 0x0000000122a48000 Exception <a 'java/lang/NoSuchMethodError': Method sun.misc.Unsafe.prefetchRead(Ljava/lang/Object;J)V name or signature does not match> (0x0000000715587fc8) thrown at [/Users/tester/jenkins/blue/workspace/Zulu/zulu-platform-build/zulu-src.git/hotspot/src/
Event: 0.094 Thread 0x0000000122a48000 Exception <a 'java/lang/NoSuchFieldError': method resolution failed> (0x0000000715ae8568) thrown at [/Users/tester/jenkins/blue/workspace/Zulu/zulu-platform-build/zulu-src.git/hotspot/src/share/vm/prims/methodHandles.cpp, line 1194]
Event: 0.097 Thread 0x0000000122a48000 Exception <a 'java/lang/NoSuchFieldError': method resolution failed> (0x0000000715af5998) thrown at [/Users/tester/jenkins/blue/workspace/Zulu/zulu-platform-build/zulu-src.git/hotspot/src/share/vm/prims/methodHandles.cpp, line 1194]
Event: 0.125 Thread 0x0000000122a48000 Exception <a 'java/security/PrivilegedActionException'> (0x0000000715d0be90) thrown at [/Users/tester/jenkins/blue/workspace/Zulu/zulu-platform-build/zulu-src.git/hotspot/src/share/vm/prims/jvm.cpp, line 1514]
Event: 0.125 Thread 0x0000000122a48000 Exception <a 'java/security/PrivilegedActionException'> (0x0000000715d0c288) thrown at [/Users/tester/jenkins/blue/workspace/Zulu/zulu-platform-build/zulu-src.git/hotspot/src/share/vm/prims/jvm.cpp, line 1514]
Event: 0.125 Thread 0x0000000122a48000 Exception <a 'java/security/PrivilegedActionException'> (0x0000000715d0f7a8) thrown at [/Users/tester/jenkins/blue/workspace/Zulu/zulu-platform-build/zulu-src.git/hotspot/src/share/vm/prims/jvm.cpp, line 1514]
Event: 0.125 Thread 0x0000000122a48000 Exception <a 'java/security/PrivilegedActionException'> (0x0000000715d0fba0) thrown at [/Users/tester/jenkins/blue/workspace/Zulu/zulu-platform-build/zulu-src.git/hotspot/src/share/vm/prims/jvm.cpp, line 1514]

Events (10 events):
Event: 0.469 loading class org/orekit/utils/StateJacobian
Event: 0.469 loading class org/orekit/utils/StateJacobian done
Event: 0.469 loading class org/orekit/utils/PythonTimeStampedCache
Event: 0.469 loading class org/orekit/utils/PythonTimeStampedCache done
Event: 0.469 loading class org/orekit/utils/PythonTimeStampedGenerator
Event: 0.469 loading class org/orekit/utils/PythonTimeStampedGenerator done
Event: 0.470 loading class org/orekit/data/ZipJarCrawler
Event: 0.470 loading class org/orekit/data/ZipJarCrawler done
Event: 0.470 loading class org/orekit/data/ZipJarCrawler$Archive$EntryStream
Event: 0.470 loading class org/orekit/data/ZipJarCrawler$Archive$EntryStream done


Dynamic libraries:
0x00000001b482d000 	/usr/lib/libSystem.B.dylib
0x00000001b4827000 	/usr/lib/system/libcache.dylib
0x00000001b47e3000 	/usr/lib/system/libcommonCrypto.dylib
0x00000001b480e000 	/usr/lib/system/libcompiler_rt.dylib
0x00000001b4804000 	/usr/lib/system/libcopyfile.dylib
0x00000001a8c29000 	/usr/lib/system/libcorecrypto.dylib
0x00000001a8ce0000 	/usr/lib/system/libdispatch.dylib
0x00000001a8e9a000 	/usr/lib/system/libdyld.dylib
0x00000001b481d000 	/usr/lib/system/libkeymgr.dylib
0x00000001b47bd000 	/usr/lib/system/libmacho.dylib
0x00000001b3dc2000 	/usr/lib/system/libquarantine.dylib
0x00000001b481a000 	/usr/lib/system/libremovefile.dylib
0x00000001adb49000 	/usr/lib/system/libsystem_asl.dylib
0x00000001a8bc5000 	/usr/lib/system/libsystem_blocks.dylib
0x00000001a8d2b000 	/usr/lib/system/libsystem_c.dylib
0x00000001b4812000 	/usr/lib/system/libsystem_collections.dylib
0x00000001b31ff000 	/usr/lib/system/libsystem_configuration.dylib
0x00000001b2293000 	/usr/lib/system/libsystem_containermanager.dylib
0x00000001b44b1000 	/usr/lib/system/libsystem_coreservices.dylib
0x00000001abc8f000 	/usr/lib/system/libsystem_darwin.dylib
0x00000001b481e000 	/usr/lib/system/libsystem_dnssd.dylib
0x00000001a8d28000 	/usr/lib/system/libsystem_featureflags.dylib
0x00000001a8ec6000 	/usr/lib/system/libsystem_info.dylib
0x00000001b4785000 	/usr/lib/system/libsystem_m.dylib
0x00000001a8cb4000 	/usr/lib/system/libsystem_malloc.dylib
0x00000001adac7000 	/usr/lib/system/libsystem_networkextension.dylib
0x00000001ac0fa000 	/usr/lib/system/libsystem_notify.dylib
0x00000001b3204000 	/usr/lib/system/libsystem_sandbox.dylib
0x00000001b4817000 	/usr/lib/system/libsystem_secinit.dylib
0x00000001a8e53000 	/usr/lib/system/libsystem_kernel.dylib
0x00000001a8ebf000 	/usr/lib/system/libsystem_platform.dylib
0x00000001a8e8d000 	/usr/lib/system/libsystem_pthread.dylib
0x00000001af313000 	/usr/lib/system/libsystem_symptoms.dylib
0x00000001a8c0e000 	/usr/lib/system/libsystem_trace.dylib
0x00000001b47f1000 	/usr/lib/system/libunwind.dylib
0x00000001a8bca000 	/usr/lib/system/libxpc.dylib
0x00000001a8e37000 	/usr/lib/libc++abi.dylib
0x00000001a8af0000 	/usr/lib/libobjc.A.dylib
0x00000001b47fc000 	/usr/lib/liboah.dylib
0x00000001a8daa000 	/usr/lib/libc++.1.dylib
0x0000000106b08000 	/Users/charlesc/anaconda3/envs/erp_tools_env/lib/python3.11/site-packages/numpy/core/_multiarray_umath.cpython-311-darwin.so
0x0000000112e20000 	/Users/charlesc/anaconda3/envs/erp_tools_env/lib/python3.11/site-packages/numpy/.dylibs/libopenblas64_.0.dylib
0x00000001071b8000 	/Users/charlesc/anaconda3/envs/erp_tools_env/lib/python3.11/site-packages/numpy/.dylibs/libgfortran.5.dylib
0x0000000106800000 	/Users/charlesc/anaconda3/envs/erp_tools_env/lib/python3.11/site-packages/numpy/.dylibs/libquadmath.0.dylib
0x0000000104bc0000 	/Users/charlesc/anaconda3/envs/erp_tools_env/lib/python3.11/site-packages/numpy/.dylibs/libgcc_s.1.1.dylib
0x0000000104be4000 	/Users/charlesc/anaconda3/envs/erp_tools_env/lib/python3.11/lib-dynload/math.cpython-311-darwin.so
0x000000010685c000 	/Users/charlesc/anaconda3/envs/erp_tools_env/lib/python3.11/lib-dynload/_datetime.cpython-311-darwin.so
0x0000000104bac000 	/Users/charlesc/anaconda3/envs/erp_tools_env/lib/python3.11/lib-dynload/_struct.cpython-311-darwin.so
0x00000001068a8000 	/Users/charlesc/anaconda3/envs/erp_tools_env/lib/python3.11/lib-dynload/_pickle.cpython-311-darwin.so
0x0000000106880000 	/Users/charlesc/anaconda3/envs/erp_tools_env/lib/python3.11/lib-dynload/_contextvars.cpython-311-darwin.so
0x0000000107030000 	/Users/charlesc/anaconda3/envs/erp_tools_env/lib/python3.11/site-packages/numpy/core/_multiarray_tests.cpython-311-darwin.so
0x0000000107050000 	/Users/charlesc/anaconda3/envs/erp_tools_env/lib/python3.11/lib-dynload/_ctypes.cpython-311-darwin.so
0x0000000107078000 	/Users/charlesc/anaconda3/envs/erp_tools_env/lib/libffi.8.dylib
0x0000000106890000 	/Users/charlesc/anaconda3/envs/erp_tools_env/lib/python3.11/lib-dynload/_typing.cpython-311-darwin.so
0x0000000107540000 	/Users/charlesc/anaconda3/envs/erp_tools_env/lib/python3.11/site-packages/numpy/linalg/_umath_linalg.cpython-311-darwin.so
0x0000000107198000 	/Users/charlesc/anaconda3/envs/erp_tools_env/lib/python3.11/site-packages/numpy/fft/_pocketfft_internal.cpython-311-darwin.so
0x0000000107718000 	/Users/charlesc/anaconda3/envs/erp_tools_env/lib/python3.11/site-packages/numpy/random/mtrand.cpython-311-darwin.so
0x00000001076a0000 	/Users/charlesc/anaconda3/envs/erp_tools_env/lib/python3.11/site-packages/numpy/random/bit_generator.cpython-311-darwin.so
0x0000000110800000 	/Users/charlesc/anaconda3/envs/erp_tools_env/lib/python3.11/site-packages/numpy/random/_common.cpython-311-darwin.so
0x00000001068d0000 	/Users/charlesc/anaconda3/envs/erp_tools_env/lib/python3.11/lib-dynload/binascii.cpython-311-darwin.so
0x00000001076d4000 	/Users/charlesc/anaconda3/envs/erp_tools_env/lib/libz.1.2.13.dylib
0x000000010766c000 	/Users/charlesc/anaconda3/envs/erp_tools_env/lib/python3.11/lib-dynload/_hashlib.cpython-311-darwin.so
0x0000000111800000 	/Users/charlesc/anaconda3/envs/erp_tools_env/lib/libcrypto.3.dylib
0x00000001068e4000 	/Users/charlesc/anaconda3/envs/erp_tools_env/lib/python3.11/lib-dynload/_blake2.cpython-311-darwin.so
0x0000000107684000 	/Users/charlesc/anaconda3/envs/erp_tools_env/lib/python3.11/lib-dynload/_bisect.cpython-311-darwin.so
0x00000001076f4000 	/Users/charlesc/anaconda3/envs/erp_tools_env/lib/python3.11/lib-dynload/_random.cpython-311-darwin.so
0x0000000107704000 	/Users/charlesc/anaconda3/envs/erp_tools_env/lib/python3.11/lib-dynload/_sha512.cpython-311-darwin.so
0x000000011099c000 	/Users/charlesc/anaconda3/envs/erp_tools_env/lib/python3.11/site-packages/numpy/random/_bounded_integers.cpython-311-darwin.so
0x00000001077e0000 	/Users/charlesc/anaconda3/envs/erp_tools_env/lib/python3.11/site-packages/numpy/random/_mt19937.cpython-311-darwin.so
0x0000000110940000 	/Users/charlesc/anaconda3/envs/erp_tools_env/lib/python3.11/site-packages/numpy/random/_philox.cpython-311-darwin.so
0x000000011097c000 	/Users/charlesc/anaconda3/envs/erp_tools_env/lib/python3.11/site-packages/numpy/random/_pcg64.cpython-311-darwin.so
0x000000011095c000 	/Users/charlesc/anaconda3/envs/erp_tools_env/lib/python3.11/site-packages/numpy/random/_sfc64.cpython-311-darwin.so
0x0000000110ac4000 	/Users/charlesc/anaconda3/envs/erp_tools_env/lib/python3.11/site-packages/numpy/random/_generator.cpython-311-darwin.so
0x00000001077c4000 	/Users/charlesc/anaconda3/envs/erp_tools_env/lib/python3.11/lib-dynload/_opcode.cpython-311-darwin.so
0x00000001109f8000 	/Users/charlesc/anaconda3/envs/erp_tools_env/lib/python3.11/lib-dynload/_bz2.cpython-311-darwin.so
0x0000000110a28000 	/Users/charlesc/anaconda3/envs/erp_tools_env/lib/libbz2.1.0.8.dylib
0x0000000110a08000 	/Users/charlesc/anaconda3/envs/erp_tools_env/lib/python3.11/lib-dynload/_lzma.cpython-311-darwin.so
0x0000000110a80000 	/Users/charlesc/anaconda3/envs/erp_tools_env/lib/liblzma.5.dylib
0x0000000111fe8000 	/Users/charlesc/anaconda3/envs/erp_tools_env/lib/python3.11/site-packages/pyarrow/lib.cpython-311-darwin.so
0x00000001123a4000 	/Users/charlesc/anaconda3/envs/erp_tools_env/lib/python3.11/site-packages/pyarrow/libarrow_python.dylib
0x0000000146000000 	/Users/charlesc/anaconda3/envs/erp_tools_env/lib/libarrow.1400.2.0.dylib
0x0000000111c38000 	/Users/charlesc/anaconda3/envs/erp_tools_env/lib/libc++.1.0.dylib
0x0000000112924000 	/Users/charlesc/anaconda3/envs/erp_tools_env/lib/libparquet.1400.2.0.dylib
0x0000000110d30000 	/Users/charlesc/anaconda3/envs/erp_tools_env/lib/libthrift.0.15.0.dylib
0x0000000111d58000 	/Users/charlesc/anaconda3/envs/erp_tools_env/lib/libbrotlienc.1.0.9.dylib
0x0000000110a64000 	/Users/charlesc/anaconda3/envs/erp_tools_env/lib/libbrotlidec.1.0.9.dylib
0x0000000112580000 	/Users/charlesc/anaconda3/envs/erp_tools_env/lib/liborc.dylib
0x0000000110cc0000 	/Users/charlesc/anaconda3/envs/erp_tools_env/lib/libglog.0.5.0.dylib
0x0000000110f64000 	/Users/charlesc/anaconda3/envs/erp_tools_env/lib/libutf8proc.2.dylib
0x0000000110fc8000 	/Users/charlesc/anaconda3/envs/erp_tools_env/lib/liblz4.1.9.4.dylib
0x0000000110c90000 	/Users/charlesc/anaconda3/envs/erp_tools_env/lib/libsnappy.1.1.10.dylib
0x0000000111ecc000 	/Users/charlesc/anaconda3/envs/erp_tools_env/lib/libzstd.1.5.5.dylib
0x0000000110f00000 	/Users/charlesc/anaconda3/envs/erp_tools_env/lib/libaws-cpp-sdk-identity-management.dylib
0x0000000116818000 	/Users/charlesc/anaconda3/envs/erp_tools_env/lib/libaws-cpp-sdk-s3.dylib
0x0000000112cc8000 	/Users/charlesc/anaconda3/envs/erp_tools_env/lib/libaws-cpp-sdk-core.dylib
0x0000000111e64000 	/Users/charlesc/anaconda3/envs/erp_tools_env/lib/libre2.9.0.0.dylib
0x0000000112710000 	/Users/charlesc/anaconda3/envs/erp_tools_env/lib/libaws-crt-cpp.dylib
0x0000000110f30000 	/Users/charlesc/anaconda3/envs/erp_tools_env/lib/libbrotlicommon.1.0.9.dylib
0x0000000116be8000 	/Users/charlesc/anaconda3/envs/erp_tools_env/lib/libprotobuf.31.dylib
0x0000000110dd0000 	/Users/charlesc/anaconda3/envs/erp_tools_env/lib/libgflags.2.2.2.dylib
0x0000000116448000 	/Users/charlesc/anaconda3/envs/erp_tools_env/lib/libaws-cpp-sdk-cognito-identity.dylib
0x0000000112790000 	/Users/charlesc/anaconda3/envs/erp_tools_env/lib/libaws-cpp-sdk-sts.dylib
0x000000011653c000 	/Users/charlesc/anaconda3/envs/erp_tools_env/lib/libcurl.4.dylib
0x0000000111dfc000 	/Users/charlesc/anaconda3/envs/erp_tools_env/lib/libaws-c-event-stream.1.0.0.dylib
0x0000000110d04000 	/Users/charlesc/anaconda3/envs/erp_tools_env/lib/libaws-checksums.1.0.0.dylib
0x0000000111f9c000 	/Users/charlesc/anaconda3/envs/erp_tools_env/lib/libaws-c-common.1.0.0.dylib
0x0000000112690000 	/Users/charlesc/anaconda3/envs/erp_tools_env/lib/libnghttp2.14.dylib
0x00000001127fc000 	/Users/charlesc/anaconda3/envs/erp_tools_env/lib/libssh2.1.0.1.dylib
0x00000001165e8000 	/Users/charlesc/anaconda3/envs/erp_tools_env/lib/libssl.3.dylib
0x0000000112898000 	/Users/charlesc/anaconda3/envs/erp_tools_env/lib/libgssapi_krb5.2.2.dylib
0x00000001a8ef3000 	/System/Library/Frameworks/CoreFoundation.framework/Versions/A/CoreFoundation
0x00000001abfa2000 	/System/Library/PrivateFrameworks/CoreServicesInternal.framework/Versions/A/CoreServicesInternal
0x00000001b482f000 	/usr/lib/libfakelink.dylib
0x00000001ab9db000 	/usr/lib/libicucore.A.dylib
0x00000001b4833000 	/System/Library/PrivateFrameworks/SoftLinking.framework/Versions/A/SoftLinking
0x00000001ac01f000 	/System/Library/Frameworks/IOKit.framework/Versions/A/IOKit
0x00000001bbbcd000 	/System/Library/Frameworks/CoreServices.framework/Versions/A/CoreServices
0x00000001affcd000 	/usr/lib/libDiagnosticMessagesClient.dylib
0x00000001adae0000 	/usr/lib/libenergytrace.dylib
0x00000001b3de9000 	/usr/lib/libbsm.0.dylib
0x00000001b4773000 	/usr/lib/libz.1.dylib
0x00000001b47c3000 	/usr/lib/system/libkxld.dylib
0x00000001ad704000 	/System/Library/Frameworks/CFNetwork.framework/Versions/A/CFNetwork
0x00000001b0ab6000 	/System/Library/Frameworks/CoreServices.framework/Versions/A/Frameworks/FSEvents.framework/Versions/A/FSEvents
0x00000001abc9a000 	/System/Library/Frameworks/CoreServices.framework/Versions/A/Frameworks/CarbonCore.framework/Versions/A/CarbonCore
0x00000001b0011000 	/System/Library/Frameworks/CoreServices.framework/Versions/A/Frameworks/Metadata.framework/Versions/A/Metadata
0x00000001b44b7000 	/System/Library/Frameworks/CoreServices.framework/Versions/A/Frameworks/OSServices.framework/Versions/A/OSServices
0x00000001b49f5000 	/System/Library/Frameworks/CoreServices.framework/Versions/A/Frameworks/SearchKit.framework/Versions/A/SearchKit
0x00000001af295000 	/System/Library/Frameworks/CoreServices.framework/Versions/A/Frameworks/AE.framework/Versions/A/AE
0x00000001a93cd000 	/System/Library/Frameworks/CoreServices.framework/Versions/A/Frameworks/LaunchServices.framework/Versions/A/LaunchServices
0x00000001b5cbe000 	/System/Library/Frameworks/CoreServices.framework/Versions/A/Frameworks/DictionaryServices.framework/Versions/A/DictionaryServices
0x00000001b0ac3000 	/System/Library/Frameworks/CoreServices.framework/Versions/A/Frameworks/SharedFileList.framework/Versions/A/SharedFileList
0x00000001ab625000 	/System/Library/Frameworks/Security.framework/Versions/A/Security
0x00000001a9b5a000 	/System/Library/Frameworks/SystemConfiguration.framework/Versions/A/SystemConfiguration
0x00000001b4a93000 	/usr/lib/libapple_nghttp2.dylib
0x00000001b4ac9000 	/usr/lib/libcompression.dylib
0x00000001ad700000 	/usr/lib/libnetwork.dylib
0x00000001aef44000 	/usr/lib/libsqlite3.dylib
0x00000001a9e8d000 	/System/Library/Frameworks/Foundation.framework/Versions/C/Foundation
0x00000001af31c000 	/System/Library/Frameworks/Network.framework/Versions/A/Network
0x0000000237432000 	/usr/lib/libCoreEntitlements.dylib
0x00000002233c7000 	/System/Library/PrivateFrameworks/MessageSecurity.framework/Versions/A/MessageSecurity
0x00000001aef2a000 	/System/Library/PrivateFrameworks/ProtocolBuffer.framework/Versions/A/ProtocolBuffer
0x00000001adae2000 	/usr/lib/libMobileGestalt.dylib
0x00000001b43df000 	/System/Library/PrivateFrameworks/AppleFSCompression.framework/Versions/A/AppleFSCompression
0x00000001b3dd1000 	/usr/lib/libcoretls.dylib
0x00000001b5d2e000 	/usr/lib/libcoretls_cfhelpers.dylib
0x00000001b4ac3000 	/usr/lib/libpam.2.dylib
0x00000001b5d9a000 	/usr/lib/libxar.1.dylib
0x00000001b0af4000 	/System/Library/PrivateFrameworks/CoreAutoLayout.framework/Versions/A/CoreAutoLayout
0x00000001b00aa000 	/System/Library/Frameworks/DiskArbitration.framework/Versions/A/DiskArbitration
0x00000001b496d000 	/usr/lib/libarchive.2.dylib
0x00000001b0b3e000 	/usr/lib/libxml2.2.dylib
0x00000001b3211000 	/usr/lib/liblangid.dylib
0x00000001b9b06000 	/System/Library/Frameworks/Combine.framework/Versions/A/Combine
0x00000001b7bb6000 	/usr/lib/swift/libswiftCore.dylib
0x00000001cbb50000 	/usr/lib/swift/libswiftCoreFoundation.dylib
0x00000001c9a8b000 	/usr/lib/swift/libswiftDarwin.dylib
0x00000001bd119000 	/usr/lib/swift/libswiftDispatch.dylib
0x00000001cbb71000 	/usr/lib/swift/libswiftIOKit.dylib
0x00000001bf6de000 	/usr/lib/swift/libswiftObjectiveC.dylib
0x00000001cbb64000 	/usr/lib/swift/libswiftXPC.dylib
0x0000000238353000 	/usr/lib/swift/libswift_Concurrency.dylib
0x00000002384a1000 	/usr/lib/swift/libswift_StringProcessing.dylib
0x00000001bf6e2000 	/usr/lib/swift/libswiftos.dylib
0x00000001b320c000 	/System/Library/PrivateFrameworks/AppleSystemInfo.framework/Versions/A/AppleSystemInfo
0x00000001b3ac4000 	/System/Library/PrivateFrameworks/IOMobileFramebuffer.framework/Versions/A/IOMobileFramebuffer
0x00000001b22c5000 	/System/Library/Frameworks/IOSurface.framework/Versions/A/IOSurface
0x00000001b4834000 	/usr/lib/libpcap.A.dylib
0x00000001af309000 	/usr/lib/libdns_services.dylib
0x00000001b5d15000 	/usr/lib/liblzma.5.dylib
0x00000001b44a4000 	/usr/lib/libbz2.1.0.dylib
0x00000001b4869000 	/usr/lib/libiconv.2.dylib
0x00000001b47bc000 	/usr/lib/libcharset.1.dylib
0x00000002383f1000 	/usr/lib/swift/libswift_RegexParser.dylib
0x00000001b6169000 	/usr/lib/libheimdal-asn1.dylib
0x00000001b3dc5000 	/usr/lib/libCheckFix.dylib
0x00000001adb61000 	/System/Library/PrivateFrameworks/TCC.framework/Versions/A/TCC
0x00000001b3213000 	/System/Library/PrivateFrameworks/CoreNLP.framework/Versions/A/CoreNLP
0x00000001affcf000 	/System/Library/PrivateFrameworks/MetadataUtilities.framework/Versions/A/MetadataUtilities
0x00000001bbe7e000 	/System/Library/Frameworks/Accelerate.framework/Versions/A/Accelerate
0x00000001b3dfb000 	/usr/lib/libmecab.dylib
0x00000001a9be4000 	/usr/lib/libCRFSuite.dylib
0x00000001b3e57000 	/usr/lib/libgermantok.dylib
0x00000001b4a6c000 	/usr/lib/libThaiTokenizer.dylib
0x00000001b00b3000 	/System/Library/Frameworks/Accelerate.framework/Versions/A/Frameworks/vImage.framework/Versions/A/vImage
0x00000001bbba4000 	/System/Library/Frameworks/Accelerate.framework/Versions/A/Frameworks/vecLib.framework/Versions/A/vecLib
0x00000001b5de0000 	/System/Library/Frameworks/Accelerate.framework/Versions/A/Frameworks/vecLib.framework/Versions/A/libvMisc.dylib
0x00000001b39c3000 	/System/Library/Frameworks/Accelerate.framework/Versions/A/Frameworks/vecLib.framework/Versions/A/libvDSP.dylib
0x00000001a9785000 	/System/Library/Frameworks/Accelerate.framework/Versions/A/Frameworks/vecLib.framework/Versions/A/libBLAS.dylib
0x00000001b4b9e000 	/System/Library/Frameworks/Accelerate.framework/Versions/A/Frameworks/vecLib.framework/Versions/A/libLAPACK.dylib
0x00000001b3e5a000 	/System/Library/Frameworks/Accelerate.framework/Versions/A/Frameworks/vecLib.framework/Versions/A/libLinearAlgebra.dylib
0x00000001b4aae000 	/System/Library/Frameworks/Accelerate.framework/Versions/A/Frameworks/vecLib.framework/Versions/A/libSparseBLAS.dylib
0x00000001b4b99000 	/System/Library/Frameworks/Accelerate.framework/Versions/A/Frameworks/vecLib.framework/Versions/A/libQuadrature.dylib
0x00000001b3308000 	/System/Library/Frameworks/Accelerate.framework/Versions/A/Frameworks/vecLib.framework/Versions/A/libBNNS.dylib
0x00000001a9af2000 	/System/Library/Frameworks/Accelerate.framework/Versions/A/Frameworks/vecLib.framework/Versions/A/libSparse.dylib
0x00000002225f5000 	/System/Library/PrivateFrameworks/MIL.framework/Versions/A/MIL
0x00000001b0a96000 	/System/Library/Frameworks/OpenDirectory.framework/Versions/A/Frameworks/CFOpenDirectory.framework/Versions/A/CFOpenDirectory
0x00000001b0a86000 	/System/Library/Frameworks/OpenDirectory.framework/Versions/A/OpenDirectory
0x00000001b5d30000 	/System/Library/PrivateFrameworks/APFS.framework/Versions/A/APFS
0x00000001b3d00000 	/System/Library/Frameworks/SecurityFoundation.framework/Versions/A/SecurityFoundation
0x00000001b5da9000 	/usr/lib/libutil.dylib
0x000000022146d000 	/System/Library/PrivateFrameworks/InstalledContentLibrary.framework/Versions/A/InstalledContentLibrary
0x00000001abfe2000 	/System/Library/PrivateFrameworks/CoreServicesStore.framework/Versions/A/CoreServicesStore
0x00000001b0aed000 	/usr/lib/libapp_launch_measurement.dylib
0x000000021817b000 	/System/Library/PrivateFrameworks/AppleMobileFileIntegrity.framework/Versions/A/AppleMobileFileIntegrity
0x00000001cbb30000 	/usr/lib/libmis.dylib
0x00000001d9d22000 	/System/Library/PrivateFrameworks/MobileSystemServices.framework/Versions/A/MobileSystemServices
0x00000001f5282000 	/System/Library/PrivateFrameworks/ConfigProfileHelper.framework/Versions/A/ConfigProfileHelper
0x00000001aff9f000 	/System/Library/PrivateFrameworks/CoreAnalytics.framework/Versions/A/CoreAnalytics
0x00000001b4a6e000 	/System/Library/PrivateFrameworks/AppleSauce.framework/Versions/A/AppleSauce
0x00000001aa853000 	/System/Library/PrivateFrameworks/LanguageModeling.framework/Versions/A/LanguageModeling
0x00000001b5dad000 	/usr/lib/libxslt.1.dylib
0x00000001b495b000 	/usr/lib/libcmph.dylib
0x00000001b3ab1000 	/System/Library/PrivateFrameworks/CoreEmoji.framework/Versions/A/CoreEmoji
0x00000001b3302000 	/System/Library/PrivateFrameworks/LinguisticData.framework/Versions/A/LinguisticData
0x00000001a9aaa000 	/System/Library/PrivateFrameworks/Lexicon.framework/Versions/A/Lexicon
0x00000001b3d92000 	/System/Library/PrivateFrameworks/BackgroundTaskManagement.framework/Versions/A/BackgroundTaskManagement
0x00000002375d5000 	/usr/lib/libTLE.dylib
0x0000000116eac000 	/Users/charlesc/anaconda3/envs/erp_tools_env/lib/libkrb5.3.3.dylib
0x0000000111e44000 	/Users/charlesc/anaconda3/envs/erp_tools_env/lib/libk5crypto.3.1.dylib
0x0000000110a48000 	/Users/charlesc/anaconda3/envs/erp_tools_env/lib/libcom_err.3.0.dylib
0x0000000111e24000 	/Users/charlesc/anaconda3/envs/erp_tools_env/lib/libkrb5support.1.1.dylib
0x00000001b8424000 	/usr/lib/libresolv.9.dylib
0x0000000112844000 	/Users/charlesc/anaconda3/envs/erp_tools_env/lib/libaws-c-mqtt.1.0.0.dylib
0x00000001128ec000 	/Users/charlesc/anaconda3/envs/erp_tools_env/lib/libaws-c-s3.1.0.0.dylib
0x00000001166c0000 	/Users/charlesc/anaconda3/envs/erp_tools_env/lib/libaws-c-auth.1.0.0.dylib
0x000000011675c000 	/Users/charlesc/anaconda3/envs/erp_tools_env/lib/libaws-c-http.1.0.0.dylib
0x00000001166fc000 	/Users/charlesc/anaconda3/envs/erp_tools_env/lib/libaws-c-io.1.0.0.dylib
0x00000001126e0000 	/Users/charlesc/anaconda3/envs/erp_tools_env/lib/libaws-c-cal.1.0.0.dylib
0x00000001167bc000 	/Users/charlesc/anaconda3/envs/erp_tools_env/lib/libaws-c-sdkutils.1.0.0.dylib
0x0000000110ca8000 	/Users/charlesc/anaconda3/envs/erp_tools_env/lib/libaws-c-compression.1.0.0.dylib
0x00000001170d0000 	/Users/charlesc/anaconda3/envs/erp_tools_env/lib/python3.11/lib-dynload/_decimal.cpython-311-darwin.so
0x00000001126c4000 	/Users/charlesc/anaconda3/envs/erp_tools_env/lib/python3.11/lib-dynload/_uuid.cpython-311-darwin.so
0x00000001167e4000 	/Users/charlesc/anaconda3/envs/erp_tools_env/lib/python3.11/lib-dynload/_socket.cpython-311-darwin.so
0x0000000112870000 	/Users/charlesc/anaconda3/envs/erp_tools_env/lib/python3.11/lib-dynload/select.cpython-311-darwin.so
0x0000000117090000 	/Users/charlesc/anaconda3/envs/erp_tools_env/lib/python3.11/lib-dynload/array.cpython-311-darwin.so
0x00000001126fc000 	/Users/charlesc/anaconda3/envs/erp_tools_env/lib/python3.11/lib-dynload/_heapq.cpython-311-darwin.so
0x0000000112884000 	/Users/charlesc/anaconda3/envs/erp_tools_env/lib/python3.11/lib-dynload/_queue.cpython-311-darwin.so
0x0000000117264000 	/Users/charlesc/anaconda3/envs/erp_tools_env/lib/python3.11/site-packages/pyarrow/_hdfsio.cpython-311-darwin.so
0x00000001170a8000 	/Users/charlesc/anaconda3/envs/erp_tools_env/lib/python3.11/site-packages/pandas/_libs/pandas_parser.cpython-311-darwin.so
0x0000000117228000 	/Users/charlesc/anaconda3/envs/erp_tools_env/lib/python3.11/site-packages/pandas/_libs/pandas_datetime.cpython-311-darwin.so
0x0000000117600000 	/Users/charlesc/anaconda3/envs/erp_tools_env/lib/python3.11/site-packages/pandas/_libs/interval.cpython-311-darwin.so
0x00000001178ac000 	/Users/charlesc/anaconda3/envs/erp_tools_env/lib/python3.11/site-packages/pandas/_libs/hashtable.cpython-311-darwin.so
0x000000011771c000 	/Users/charlesc/anaconda3/envs/erp_tools_env/lib/python3.11/site-packages/pandas/_libs/missing.cpython-311-darwin.so
0x00000001173d0000 	/Users/charlesc/anaconda3/envs/erp_tools_env/lib/python3.11/site-packages/pandas/_libs/tslibs/dtypes.cpython-311-darwin.so
0x00000001173a0000 	/Users/charlesc/anaconda3/envs/erp_tools_env/lib/python3.11/site-packages/pandas/_libs/tslibs/np_datetime.cpython-311-darwin.so
0x0000000117794000 	/Users/charlesc/anaconda3/envs/erp_tools_env/lib/python3.11/site-packages/pandas/_libs/tslibs/conversion.cpython-311-darwin.so
0x0000000117240000 	/Users/charlesc/anaconda3/envs/erp_tools_env/lib/python3.11/site-packages/pandas/_libs/tslibs/base.cpython-311-darwin.so
0x0000000117b30000 	/Users/charlesc/anaconda3/envs/erp_tools_env/lib/python3.11/site-packages/pandas/_libs/tslibs/offsets.cpython-311-darwin.so
0x0000000117a40000 	/Users/charlesc/anaconda3/envs/erp_tools_env/lib/python3.11/site-packages/pandas/_libs/tslibs/timestamps.cpython-311-darwin.so
0x0000000117814000 	/Users/charlesc/anaconda3/envs/erp_tools_env/lib/python3.11/site-packages/pandas/_libs/tslibs/nattype.cpython-311-darwin.so
0x0000000117cb0000 	/Users/charlesc/anaconda3/envs/erp_tools_env/lib/python3.11/site-packages/pandas/_libs/tslibs/timedeltas.cpython-311-darwin.so
0x0000000117858000 	/Users/charlesc/anaconda3/envs/erp_tools_env/lib/python3.11/site-packages/pandas/_libs/tslibs/timezones.cpython-311-darwin.so
0x0000000116804000 	/Users/charlesc/anaconda3/envs/erp_tools_env/lib/python3.11/lib-dynload/_zoneinfo.cpython-311-darwin.so
0x0000000117c24000 	/Users/charlesc/anaconda3/envs/erp_tools_env/lib/python3.11/site-packages/pandas/_libs/tslibs/fields.cpython-311-darwin.so
0x0000000117774000 	/Users/charlesc/anaconda3/envs/erp_tools_env/lib/python3.11/site-packages/pandas/_libs/tslibs/ccalendar.cpython-311-darwin.so
0x0000000116748000 	/Users/charlesc/anaconda3/envs/erp_tools_env/lib/python3.11/lib-dynload/fcntl.cpython-311-darwin.so
0x0000000117078000 	/Users/charlesc/anaconda3/envs/erp_tools_env/lib/python3.11/lib-dynload/_posixsubprocess.cpython-311-darwin.so
0x0000000117e3c000 	/Users/charlesc/anaconda3/envs/erp_tools_env/lib/python3.11/site-packages/pandas/_libs/tslibs/tzconversion.cpython-311-darwin.so
0x00000001177d0000 	/Users/charlesc/anaconda3/envs/erp_tools_env/lib/python3.11/site-packages/pandas/_libs/properties.cpython-311-darwin.so
0x0000000117ee4000 	/Users/charlesc/anaconda3/envs/erp_tools_env/lib/python3.11/site-packages/pandas/_libs/tslibs/parsing.cpython-311-darwin.so
0x0000000117e84000 	/Users/charlesc/anaconda3/envs/erp_tools_env/lib/python3.11/site-packages/pandas/_libs/tslibs/strptime.cpython-311-darwin.so
0x0000000120000000 	/Users/charlesc/anaconda3/envs/erp_tools_env/lib/python3.11/site-packages/pandas/_libs/tslibs/period.cpython-311-darwin.so
0x0000000117c6c000 	/Users/charlesc/anaconda3/envs/erp_tools_env/lib/python3.11/site-packages/pandas/_libs/tslibs/vectorized.cpython-311-darwin.so
0x00000001177ec000 	/Users/charlesc/anaconda3/envs/erp_tools_env/lib/python3.11/site-packages/pandas/_libs/ops_dispatch.cpython-311-darwin.so
0x0000000120218000 	/Users/charlesc/anaconda3/envs/erp_tools_env/lib/python3.11/site-packages/pandas/_libs/algos.cpython-311-darwin.so
0x0000000120070000 	/Users/charlesc/anaconda3/envs/erp_tools_env/lib/python3.11/site-packages/pandas/_libs/lib.cpython-311-darwin.so
0x00000001204e8000 	/Users/charlesc/anaconda3/envs/erp_tools_env/lib/python3.11/lib-dynload/unicodedata.cpython-311-darwin.so
0x0000000117f48000 	/Users/charlesc/anaconda3/envs/erp_tools_env/lib/python3.11/site-packages/pandas/_libs/ops.cpython-311-darwin.so
0x0000000117afc000 	/Users/charlesc/anaconda3/envs/erp_tools_env/lib/python3.11/site-packages/numexpr/interpreter.cpython-311-darwin.so
0x0000000120728000 	/Users/charlesc/anaconda3/envs/erp_tools_env/lib/python3.11/site-packages/pyarrow/_compute.cpython-311-darwin.so
0x0000000117f80000 	/Users/charlesc/anaconda3/envs/erp_tools_env/lib/python3.11/site-packages/bottleneck/move.cpython-311-darwin.so
0x0000000117898000 	/Users/charlesc/anaconda3/envs/erp_tools_env/lib/python3.11/site-packages/bottleneck/nonreduce.cpython-311-darwin.so
0x0000000117ad4000 	/Users/charlesc/anaconda3/envs/erp_tools_env/lib/python3.11/site-packages/bottleneck/nonreduce_axis.cpython-311-darwin.so
0x0000000117fc0000 	/Users/charlesc/anaconda3/envs/erp_tools_env/lib/python3.11/site-packages/bottleneck/reduce.cpython-311-darwin.so
0x0000000117ed0000 	/Users/charlesc/anaconda3/envs/erp_tools_env/lib/python3.11/lib-dynload/_json.cpython-311-darwin.so
0x0000000120848000 	/Users/charlesc/anaconda3/envs/erp_tools_env/lib/python3.11/site-packages/pandas/_libs/arrays.cpython-311-darwin.so
0x0000000117fa0000 	/Users/charlesc/anaconda3/envs/erp_tools_env/lib/python3.11/lib-dynload/_csv.cpython-311-darwin.so
0x0000000117fe0000 	/Users/charlesc/anaconda3/envs/erp_tools_env/lib/python3.11/lib-dynload/zlib.cpython-311-darwin.so
0x00000001208b0000 	/Users/charlesc/anaconda3/envs/erp_tools_env/lib/python3.11/site-packages/pandas/_libs/tslib.cpython-311-darwin.so
0x0000000122200000 	/Users/charlesc/anaconda3/envs/erp_tools_env/lib/python3.11/site-packages/pandas/_libs/sparse.cpython-311-darwin.so
0x00000001204c4000 	/Users/charlesc/anaconda3/envs/erp_tools_env/lib/python3.11/site-packages/pandas/_libs/indexing.cpython-311-darwin.so
0x00000001225d0000 	/Users/charlesc/anaconda3/envs/erp_tools_env/lib/python3.11/site-packages/pandas/_libs/index.cpython-311-darwin.so
0x0000000122558000 	/Users/charlesc/anaconda3/envs/erp_tools_env/lib/python3.11/site-packages/pandas/_libs/internals.cpython-311-darwin.so
0x00000001279cc000 	/Users/charlesc/anaconda3/envs/erp_tools_env/lib/python3.11/site-packages/pandas/_libs/join.cpython-311-darwin.so
0x00000001222c0000 	/Users/charlesc/anaconda3/envs/erp_tools_env/lib/python3.11/site-packages/pandas/_libs/writers.cpython-311-darwin.so
0x000000012070c000 	/Users/charlesc/anaconda3/envs/erp_tools_env/lib/python3.11/lib-dynload/mmap.cpython-311-darwin.so
0x00000001170c0000 	/Users/charlesc/anaconda3/envs/erp_tools_env/lib/python3.11/lib-dynload/grp.cpython-311-darwin.so
0x00000001227a0000 	/Users/charlesc/anaconda3/envs/erp_tools_env/lib/python3.11/site-packages/pandas/_libs/window/aggregations.cpython-311-darwin.so
0x0000000122500000 	/Users/charlesc/anaconda3/envs/erp_tools_env/lib/python3.11/site-packages/pandas/_libs/window/indexers.cpython-311-darwin.so
0x0000000127900000 	/Users/charlesc/anaconda3/envs/erp_tools_env/lib/python3.11/site-packages/pandas/_libs/reshape.cpython-311-darwin.so
0x0000000147aec000 	/Users/charlesc/anaconda3/envs/erp_tools_env/lib/python3.11/site-packages/pandas/_libs/groupby.cpython-311-darwin.so
0x000000012086c000 	/Users/charlesc/anaconda3/envs/erp_tools_env/lib/python3.11/site-packages/pandas/_libs/json.cpython-311-darwin.so
0x0000000147c8c000 	/Users/charlesc/anaconda3/envs/erp_tools_env/lib/python3.11/site-packages/pandas/_libs/parsers.cpython-311-darwin.so
0x0000000122530000 	/Users/charlesc/anaconda3/envs/erp_tools_env/lib/python3.11/site-packages/pandas/_libs/testing.cpython-311-darwin.so
0x0000000120888000 	/Users/charlesc/anaconda3/envs/erp_tools_env/lib/python3.11/lib-dynload/cmath.cpython-311-darwin.so
0x0000000117758000 	/Users/charlesc/anaconda3/envs/erp_tools_env/lib/python3.11/site-packages/matplotlib/_c_internal_utils.cpython-311-darwin.so
0x0000000147f08000 	/Users/charlesc/anaconda3/envs/erp_tools_env/lib/python3.11/site-packages/PIL/_imaging.cpython-311-darwin.so
0x00000001680b8000 	/Users/charlesc/anaconda3/envs/erp_tools_env/lib/python3.11/site-packages/PIL/.dylibs/libtiff.6.dylib
0x0000000168000000 	/Users/charlesc/anaconda3/envs/erp_tools_env/lib/python3.11/site-packages/PIL/.dylibs/libjpeg.62.4.0.dylib
0x0000000168214000 	/Users/charlesc/anaconda3/envs/erp_tools_env/lib/python3.11/site-packages/PIL/.dylibs/libopenjp2.2.5.0.dylib
0x000000012796c000 	/Users/charlesc/anaconda3/envs/erp_tools_env/lib/python3.11/site-packages/PIL/.dylibs/libz.1.3.dylib
0x0000000147f94000 	/Users/charlesc/anaconda3/envs/erp_tools_env/lib/python3.11/site-packages/PIL/.dylibs/libxcb.1.1.0.dylib
0x0000000168170000 	/Users/charlesc/anaconda3/envs/erp_tools_env/lib/python3.11/site-packages/PIL/.dylibs/liblzma.5.dylib
0x00000001225b4000 	/Users/charlesc/anaconda3/envs/erp_tools_env/lib/python3.11/site-packages/PIL/.dylibs/libXau.6.0.0.dylib
0x0000000127998000 	/Users/charlesc/anaconda3/envs/erp_tools_env/lib/python3.11/site-packages/matplotlib/_path.cpython-311-darwin.so
0x000000016877c000 	/Users/charlesc/anaconda3/envs/erp_tools_env/lib/python3.11/site-packages/matplotlib/ft2font.cpython-311-darwin.so
0x00000001681c0000 	/Users/charlesc/anaconda3/envs/erp_tools_env/lib/python3.11/site-packages/kiwisolver/_cext.cpython-311-darwin.so
0x0000000127b9c000 	/Users/charlesc/anaconda3/envs/erp_tools_env/lib/python3.11/site-packages/matplotlib/_image.cpython-311-darwin.so
0x0000000280000000 	/Users/charlesc/anaconda3/envs/erp_tools_env/lib/python3.11/site-packages/orekit/_orekit.cpython-311-darwin.so
0x0000000169d04000 	/Users/charlesc/anaconda3/envs/erp_tools_env/jre/lib/server/libjvm.dylib
0x00000001686b8000 	/Users/charlesc/anaconda3/envs/erp_tools_env/lib/python3.11/lib-dynload/_ssl.cpython-311-darwin.so
0x0000000117aec000 	/Users/charlesc/anaconda3/envs/erp_tools_env/lib/python3.11/lib-dynload/_scproxy.cpython-311-darwin.so
0x0000000127940000 	/Users/charlesc/anaconda3/envs/erp_tools_env/jre/lib/libverify.dylib
0x0000000169140000 	/Users/charlesc/anaconda3/envs/erp_tools_env/jre/lib/libjava.dylib
0x0000000127be0000 	/Users/charlesc/anaconda3/envs/erp_tools_env/jre/lib/libzip.dylib
0x000000016808c000 	/Users/charlesc/anaconda3/envs/erp_tools_env/jre/lib/libnio.dylib
0x0000000168730000 	/Users/charlesc/anaconda3/envs/erp_tools_env/jre/lib/libnet.dylib
0x00000002a4154000 	/Users/charlesc/anaconda3/envs/erp_tools_env/lib/python3.11/site-packages/erfa/ufunc.cpython-311-darwin.so

VM Arguments:
java_command: <unknown>
java_class_path (initial): /Users/charlesc/anaconda3/envs/erp_tools_env/lib/python3.11/site-packages/orekit/orekit-12.0.jar:/Users/charlesc/anaconda3/envs/erp_tools_env/lib/python3.11/site-packages/orekit/hipparchus-core-3.0.jar:/Users/charlesc/anaconda3/envs/erp_tools_env/lib/python3.11/site-packages/orekit/hipparchus-fitting-3.0.jar:/Users/charlesc/anaconda3/envs/erp_tools_env/lib/python3.11/site-packages/orekit/hipparchus-filtering-3.0.jar:/Users/charlesc/anaconda3/envs/erp_tools_env/lib/python3.11/site-packages/orekit/hipparchus-geometry-3.0.jar:/Users/charlesc/anaconda3/envs/erp_tools_env/lib/python3.11/site-packages/orekit/hipparchus-ode-3.0.jar:/Users/charlesc/anaconda3/envs/erp_tools_env/lib/python3.11/site-packages/orekit/hipparchus-optim-3.0.jar:/Users/charlesc/anaconda3/envs/erp_tools_env/lib/python3.11/site-packages/orekit/hipparchus-stat-3.0.jar:/Users/charlesc/anaconda3/envs/erp_tools_env/lib/python3.11/site-packages/orekit/rugged-3.0.jar
Launcher Type: generic

Environment Variables:
JAVA_HOME=/Users/charlesc/anaconda3/envs/erp_tools_env
SHELL=/bin/zsh

Signal Handlers:
SIGSEGV: [libjvm.dylib+0x5668e4], sa_mask[0]=11111111011111110111111111111111, sa_flags=SA_ONSTACK|SA_RESTART|SA_SIGINFO
SIGBUS: [libjvm.dylib+0x5668e4], sa_mask[0]=11111111011111110111111111111111, sa_flags=SA_RESTART|SA_SIGINFO
SIGFPE: [libjvm.dylib+0x45f480], sa_mask[0]=11111111011111110111111111111111, sa_flags=SA_RESTART|SA_SIGINFO
SIGPIPE: [libjvm.dylib+0x45f480], sa_mask[0]=11111111011111110111111111111111, sa_flags=SA_RESTART|SA_SIGINFO
SIGXFSZ: [libjvm.dylib+0x45f480], sa_mask[0]=11111111011111110111111111111111, sa_flags=SA_RESTART|SA_SIGINFO
SIGILL: [libjvm.dylib+0x45f480], sa_mask[0]=11111111011111110111111111111111, sa_flags=SA_RESTART|SA_SIGINFO
SIGUSR1: SIG_DFL, sa_mask[0]=00000000000000000000000000000000, sa_flags=SA_RESTART
SIGUSR2: [libjvm.dylib+0x45fda4], sa_mask[0]=00000000000000000000000000000000, sa_flags=SA_RESTART|SA_SIGINFO
SIGHUP: [libjvm.dylib+0x45dd2c], sa_mask[0]=11111111011111110111111111111111, sa_flags=SA_RESTART|SA_SIGINFO
SIGINT: [libjvm.dylib+0x45dd2c], sa_mask[0]=11111111011111110111111111111111, sa_flags=SA_RESTART|SA_SIGINFO
SIGTERM: [libjvm.dylib+0x45dd2c], sa_mask[0]=11111111011111110111111111111111, sa_flags=SA_RESTART|SA_SIGINFO
SIGQUIT: [libjvm.dylib+0x45dd2c], sa_mask[0]=11111111011111110111111111111111, sa_flags=SA_RESTART|SA_SIGINFO


---------------  S Y S T E M  ---------------

OS:Bsduname:Darwin 22.6.0 Darwin Kernel Version 22.6.0: Mon Feb 19 19:45:09 PST 2024; root:xnu-8796.141.3.704.6~1/RELEASE_ARM64_T6000 arm64
rlimit: STACK 8176k, CORE 0k, NPROC 5333, NOFILE 10240, AS infinity
load average:3.32 3.59 3.68

CPU:total 10 (initial active 10) 0x61:0x0:0x1b588bb3:0, simd, crc, lse

Memory: 16k page, physical 33554432k(267232k free)

/proc/meminfo:


vm_info: OpenJDK 64-Bit Server VM (25.382-b05) for bsd-aarch64 JRE (Zulu 8.72.0.17-CA-macos-aarch64) (1.8.0_382-b05), built on Jul 14 2023 01:24:33 by "zulu_re" with gcc Apple LLVM 12.0.0 (clang-1200.0.32.28)

time: Mon May 13 13:36:57 2024
timezone: BST
elapsed time: 0.508398 seconds (0d 0h 0m 0s)

