#
# A fatal error has been detected by the Java Runtime Environment:
#
#  SIGSEGV (0xb) at pc=0x000000028ad279d4, pid=86555, tid=0x0000000000004903
#
# JRE version: OpenJDK Runtime Environment (Zulu 8.72.0.17-CA-macos-aarch64) (8.0_382-b05) (build 1.8.0_382-b05)
# Java VM: OpenJDK 64-Bit Server VM (25.382-b05 mixed mode bsd-aarch64 compressed oops)
# Problematic frame:
# V  [libjvm.dylib+0x639d4]  Arena::grow(unsigned long, AllocFailStrategy::AllocFailEnum)+0x3c
#
# Failed to write core dump. Core dumps have been disabled. To enable core dumping, try "ulimit -c unlimited" before starting Java again
#
# If you would like to submit a bug report, please visit:
#   http://www.azul.com/support/
#

---------------  T H R E A D  ---------------

Current thread (0x000000013989a800):  JavaThread "C1 CompilerThread3" daemon [_thread_in_vm, id=18691, stack(0x00000002b3928000,0x00000002b3b2b000)]

siginfo: si_signo: 11 (SIGSEGV), si_code: 2 (SEGV_ACCERR), si_addr: 0x000000016b2dd000

Registers:
 x0=0x000000016b2dd000  x1=0x0000000000007fe8  x2=0x000000000000000c  x3=0x00000002b3b2aaf0
 x4=0x0000000000000000  x5=0x0000000000000018  x6=0x0000000000000000  x7=0x0000000000000000
 x8=0x0000000000000000  x9=0x0000000000004903 x10=0x00000000002dd000 x11=0x00000000005f9e80
x12=0x0000000000003b2a x13=0x0000000000000000 x14=0x00000000ffffffff x15=0x0000000000000000
x16=0x00000000000008fd x17=0x00000002b3b2b000 x18=0x0000000000000000 x19=0x00000002b3b2ac40
x20=0x0000000000000400 x21=0x0000000000007fd8 x22=0x000000028ba51510 x23=0x000000000000014d
x24=0x0000000000000000 x25=0x0000000000000000 x26=0x0000000000000000 x27=0x0000000000000000
x28=0x0000000000000000  fp=0x00000002b3b2ab70  lr=0x000000028ad279d0  sp=0x00000002b3b2ab50
pc=0x000000028ad279d4 cpsr=0x0000000000001000
Top of Stack: (sp=0x00000002b3b2ab50)
0x00000002b3b2ab50:   0000000000000000 0000000000000080
0x00000002b3b2ab60:   00000002b3b2aba8 000000028ba51750
0x00000002b3b2ab70:   00000002b3b2ab90 000000028ad3bf70
0x00000002b3b2ab80:   00000002b3b2ac40 000000028ba51520
0x00000002b3b2ab90:   00000002b3b2abd0 000000028add840c
0x00000002b3b2aba0:   00000002b3b2abd0 0000000000000000
0x00000002b3b2abb0:   0000000000000000 00000002b3b2ac40
0x00000002b3b2abc0:   000000013989a800 00000002b3b2ac38
0x00000002b3b2abd0:   00000002b3b2ac20 000000028adbf7a8
0x00000002b3b2abe0:   0000000000000000 000000013989a800
0x00000002b3b2abf0:   0000000000000000 0000000000004903
0x00000002b3b2ac00:   000000000000014d 000000013e69e9e0
0x00000002b3b2ac10:   000000028ba4cca0 000000013989a800
0x00000002b3b2ac20:   00000002b3b2ad60 000000028ae21578
0x00000002b3b2ac30:   00000002b3b2ae38 00000002b3b2ac40
0x00000002b3b2ac40:   0000000200000006 000000028ba51510
0x00000002b3b2ac50:   000000028ba51510 000000028ba51770
0x00000002b3b2ac60:   000000028ba518f8 00000000000003d8
0x00000002b3b2ac70:   000000020000014d 000000000000003f
0x00000002b3b2ac80:   0000000000000000 0000000000000000
0x00000002b3b2ac90:   0000000000000000 0000000000000000
0x00000002b3b2aca0:   0000000000000000 0000000000000000
0x00000002b3b2acb0:   0000000000000000 0000000000000000
0x00000002b3b2acc0:   0000000000000000 0000000000000000
0x00000002b3b2acd0:   0000000000000000 0000000000000000
0x00000002b3b2ace0:   0000000000000000 0000000000000000
0x00000002b3b2acf0:   00000002b3b2ade0 0000000000000000
0x00000002b3b2ad00:   0000000032aaaba2 0000000000000000
0x00000002b3b2ad10:   0000000000000000 000000013989a800
0x00000002b3b2ad20:   0000000000000000 0000000000000000
0x00000002b3b2ad30:   0000000000000000 0000000000004903
0x00000002b3b2ad40:   000000028b36f44c 0000000000000000 

Instructions: (pc=0x000000028ad279d4)
0x000000028ad279b4:   eb08003f 9a888035 f9400816 52800200
0x000000028ad279c4:   aa0203e1 aa1503e2 97fffd86 b40000e0
0x000000028ad279d4:   a900541f f9000a60 b40000d6 f90002c0
0x000000028ad279e4:   f9400a60 14000004 f9000a76 1400000e 

Register to memory mapping:

 x0=0x000000016b2dd000 is pointing into the stack for thread: 0x000000016b27b000
 x1=0x0000000000007fe8 is an unknown value
 x2=0x000000000000000c is an unknown value
 x3=0x00000002b3b2aaf0 is pointing into the stack for thread: 0x000000013989a800
 x4=0x0000000000000000 is an unknown value
 x5=0x0000000000000018 is an unknown value
 x6=0x0000000000000000 is an unknown value
 x7=0x0000000000000000 is an unknown value
 x8=0x0000000000000000 is an unknown value
 x9=0x0000000000004903 is an unknown value
x10=0x00000000002dd000 is an unknown value
x11=0x00000000005f9e80 is an unknown value
x12=0x0000000000003b2a is an unknown value
x13=0x0000000000000000 is an unknown value
x14=0x00000000ffffffff is an unknown value
x15=0x0000000000000000 is an unknown value
x16=0x00000000000008fd is an unknown value
x17=0x00000002b3b2b000 is pointing into the stack for thread: 0x000000013989a800
x18=0x0000000000000000 is an unknown value
x19=0x00000002b3b2ac40 is pointing into the stack for thread: 0x000000013989a800
x20=0x0000000000000400 is an unknown value
x21=0x0000000000007fd8 is an unknown value
x22=0x000000028ba51510 is an unknown value
x23=0x000000000000014d is an unknown value
x24=0x0000000000000000 is an unknown value
x25=0x0000000000000000 is an unknown value
x26=0x0000000000000000 is an unknown value
x27=0x0000000000000000 is an unknown value
x28=0x0000000000000000 is an unknown value


Stack: [0x00000002b3928000,0x00000002b3b2b000],  sp=0x00000002b3b2ab50,  free space=2058k
Native frames: (J=compiled Java code, j=interpreted, Vv=VM code, C=native code)
V  [libjvm.dylib+0x639d4]  Arena::grow(unsigned long, AllocFailStrategy::AllocFailEnum)+0x3c
V  [libjvm.dylib+0x77f70]  GrowableArray<ciMetadata*>::GrowableArray(Arena*, int, int, ciMetadata* const&)+0x2c
V  [libjvm.dylib+0x11440c]  ciObjectFactory::ciObjectFactory(Arena*, int)+0xa4
V  [libjvm.dylib+0xfb7a8]  ciEnv::ciEnv(CompileTask*, int)+0x14c
V  [libjvm.dylib+0x15d578]  CompileBroker::init_compiler_runtime()+0xb4
V  [libjvm.dylib+0x15da00]  CompileBroker::compiler_thread_loop()+0x11c
V  [libjvm.dylib+0x52ad54]  JavaThread::thread_main_inner()+0x80
